Build started 3/12/2013 5:36:11 PM.
     1>Project "C:\Users\Nick\School\Spring 2013\CIS 585 - Game Engine Design\The Game (Engine)\Upstream\Awe\Engine\Engine.vcxproj" on node 2 (build target(s)).
     1>InitializeBuildStatus:
         Creating "Debug\Engine.unsuccessfulbuild" because "AlwaysCreate" was specified.
       ClCompile:
         c:\Program Files (x86)\Microsoft Visual Studio 10.0\VC\bin\CL.exe /c /I..\DXUT11\Core /I..\DXUT11\Optional /ZI /nologo /W4 /WX- /Od /Oy- /D _UNICODE /D UNICODE /Gm /EHsc /RTC1 /MDd /GS /arch:SSE2 /fp:fast /Zc:wchar_t /Zc:forScope /openmp- /Fo"Debug\\" /Fd"Debug\vc100.pdb" /Gd /TP /analyze- /errorReport:prompt ..\DXUT11\Core\DXUT.cpp ..\DXUT11\Core\DXUTDevice11.cpp ..\DXUT11\Core\DXUTDevice9.cpp ..\DXUT11\Core\DXUTmisc.cpp ..\DXUT11\Optional\DXUTcamera.cpp ..\DXUT11\Optional\DXUTgui.cpp ..\DXUT11\Optional\DXUTres.cpp ..\DXUT11\Optional\DXUTsettingsdlg.cpp ..\DXUT11\Optional\SDKmesh.cpp ..\DXUT11\Optional\SDKmisc.cpp D3D9App.cpp D3D11App.cpp
         D3D11App.cpp
         D3D9App.cpp
         SDKmisc.cpp
         SDKmesh.cpp
         DXUTsettingsdlg.cpp
         DXUTres.cpp
         DXUTgui.cpp
         DXUTcamera.cpp
         DXUTmisc.cpp
         DXUTDevice9.cpp
         DXUTDevice11.cpp
         DXUT.cpp
         Generating Code...
       Link:
         c:\Program Files (x86)\Microsoft Visual Studio 10.0\VC\bin\link.exe /ERRORREPORT:PROMPT /OUT:"C:\Users\Nick\School\Spring 2013\CIS 585 - Game Engine Design\The Game (Engine)\Upstream\Awe\Debug\Engine.exe" /INCREMENTAL:NO /NOLOGO d3dcompiler.lib d3dx11d.lib d3dx9d.lib dxerr.lib dxguid.lib winmm.lib comctl32.lib kernel32.lib user32.lib gdi32.lib winspool.lib comdlg32.lib advapi32.lib shell32.lib ole32.lib oleaut32.lib uuid.lib odbc32.lib odbccp32.lib /MANIFEST /ManifestFile:"Debug\Engine.exe.intermediate.manifest" /MANIFESTUAC:"level='asInvoker' uiAccess='false'" /DEBUG /PDB:"C:\Users\Nick\School\Spring 2013\CIS 585 - Game Engine Design\The Game (Engine)\Upstream\Awe\Debug\Engine.pdb" /TLBID:1 /DYNAMICBASE /NXCOMPAT /IMPLIB:"C:\Users\Nick\School\Spring 2013\CIS 585 - Game Engine Design\The Game (Engine)\Upstream\Awe\Debug\Engine.lib" /MACHINE:X86 Debug\DXUT.obj
         Debug\DXUTDevice11.obj
         Debug\DXUTDevice9.obj
         Debug\DXUTmisc.obj
         Debug\DXUTcamera.obj
         Debug\DXUTgui.obj
         Debug\DXUTres.obj
         Debug\DXUTsettingsdlg.obj
         Debug\SDKmesh.obj
         Debug\SDKmisc.obj
         Debug\D3D9App.obj
         Debug\D3D11App.obj
     1>DXUT.obj : warning LNK4075: ignoring '/EDITANDCONTINUE' due to '/INCREMENTAL:NO' specification
         Engine.vcxproj -> C:\Users\Nick\School\Spring 2013\CIS 585 - Game Engine Design\The Game (Engine)\Upstream\Awe\Debug\Engine.exe
       Manifest:
         C:\Program Files (x86)\Microsoft SDKs\Windows\v7.0A\bin\mt.exe /nologo /verbose /outputresource:"C:\Users\Nick\School\Spring 2013\CIS 585 - Game Engine Design\The Game (Engine)\Upstream\Awe\Debug\Engine.exe;#1" /manifest Debug\Engine.exe.intermediate.manifest
       FinalizeBuildStatus:
         Deleting file "Debug\Engine.unsuccessfulbuild".
         Touching "Debug\Engine.lastbuildstate".
     1>Done Building Project "C:\Users\Nick\School\Spring 2013\CIS 585 - Game Engine Design\The Game (Engine)\Upstream\Awe\Engine\Engine.vcxproj" (build target(s)).

Build succeeded.

Time Elapsed 00:00:27.35
