F:\SCHOOL\AWE\DEBUG\ENGINE.INPUTMANAGER.ILK
F:\SCHOOL\AWE\DEBUG\ENGINE.INPUTMANAGER.EXE
F:\SCHOOL\AWE\DEBUG\ENGINE.INPUTMANAGER.PDB
F:\SCHOOL\AWE\ENGINE\INPUTMANAGER\DEBUG\CONTROLLER.OBJ
F:\SCHOOL\AWE\ENGINE\INPUTMANAGER\DEBUG\KEYBOARD.OBJ
F:\SCHOOL\AWE\ENGINE\INPUTMANAGER\DEBUG\MOUSE.OBJ
F:\SCHOOL\AWE\ENGINE\INPUTMANAGER\DEBUG\MAIN.OBJ
F:\SCHOOL\AWE\ENGINE\INPUTMANAGER\DEBUG\VC110.PDB
F:\School\Awe\Engine\InputManager\Debug\Controller.obj
F:\School\Awe\Engine\InputManager\Debug\Keyboard.obj
F:\School\Awe\Engine\InputManager\Debug\main.obj
F:\School\Awe\Engine\InputManager\Debug\Mouse.obj
F:\School\Awe\Engine\InputManager\Debug\cl.command.1.tlog
F:\School\Awe\Engine\InputManager\Debug\link-cvtres.read.1.tlog
F:\School\Awe\Engine\InputManager\Debug\link-cvtres.write.1.tlog
F:\School\Awe\Engine\InputManager\Debug\link-rc.read.1.tlog
F:\School\Awe\Engine\InputManager\Debug\link-rc.write.1.tlog
F:\School\Awe\Engine\InputManager\Debug\link.command.1.tlog
F:\School\Awe\Engine\InputManager\Debug\CL.read.1.tlog
F:\School\Awe\Engine\InputManager\Debug\link.read.1.tlog
F:\School\Awe\Engine\InputManager\Debug\link.write.1.tlog
F:\School\Awe\Engine\InputManager\Debug\CL.write.1.tlog
F:\School\Awe\Engine\InputManager\Debug\vc110.idb
F:\School\Awe\Engine\InputManager\Debug\vc110.pdb
F:\School\Awe\Debug\Engine.InputManager.pdb
F:\School\Awe\Debug\Engine.InputManager.exe
F:\School\Awe\Debug\Engine.InputManager.ilk
