F:\SCHOOL\AWE\ENGINE\AUDIO\DEBUG\MEDIAPLAYER.OBJ
F:\SCHOOL\AWE\ENGINE\AUDIO\DEBUG\MUSICMANAGER.OBJ
F:\SCHOOL\AWE\ENGINE\AUDIO\DEBUG\MAIN.OBJ
F:\SCHOOL\AWE\ENGINE\AUDIO\DEBUG\VC110.PDB
F:\SCHOOL\AWE\DEBUG\ENGINE.AUDIO.ILK
F:\SCHOOL\AWE\DEBUG\ENGINE.AUDIO.EXE
F:\SCHOOL\AWE\DEBUG\ENGINE.AUDIO.PDB
F:\School\Awe\Engine\Audio\Debug\MediaPlayer.obj
F:\School\Awe\Engine\Audio\Debug\MusicManager.obj
F:\School\Awe\Engine\Audio\Debug\main.obj
F:\School\Awe\Engine\Audio\Debug\CL.read.1.tlog
F:\School\Awe\Engine\Audio\Debug\CL.write.1.tlog
F:\School\Awe\Engine\Audio\Debug\cl.command.1.tlog
F:\School\Awe\Engine\Audio\Debug\link-rc.read.1.tlog
F:\School\Awe\Engine\Audio\Debug\link-rc.write.1.tlog
F:\School\Awe\Engine\Audio\Debug\link-cvtres.read.1.tlog
F:\School\Awe\Engine\Audio\Debug\link-cvtres.write.1.tlog
F:\School\Awe\Engine\Audio\Debug\link.read.1.tlog
F:\School\Awe\Engine\Audio\Debug\link.write.1.tlog
F:\School\Awe\Engine\Audio\Debug\link.command.1.tlog
F:\School\Awe\Engine\Audio\Debug\vc110.idb
F:\School\Awe\Engine\Audio\Debug\vc110.pdb
F:\School\Awe\Debug\Engine.Audio.pdb
F:\School\Awe\Debug\Engine.Audio.exe
F:\School\Awe\Debug\Engine.Audio.ilk
